Fetching registry information from https://github.com/microsoft/vcpkg (HEAD)...
Detecting compiler hash for triplet x64-linux...
Compiler found: /usr/bin/c++
Detecting compiler hash for triplet wasm32-emscripten...
Compiler found: /home/runner/work/_temp/8978dc93-cb9a-43e7-8be2-eadf90e636b0/emsdk-main/upstream/emscripten/em++
The following packages will be built and installed:
    miniz:wasm32-emscripten@3.1.1 -- git+https://github.com/microsoft/vcpkg@44b2ff8aa21c4b2d578087c1b2337ca9c19a981d
    sdl3:wasm32-emscripten@3.4.4 -- git+https://github.com/microsoft/vcpkg@c3ea8e6cf352b01ab5bf9035850e72f674af2433
    sdl3-image:wasm32-emscripten@3.4.2#1 -- git+https://github.com/microsoft/vcpkg@2e97142e6b1a6f51cdf99b8ef743719515c56994
  * vcpkg-cmake:x64-linux@2024-04-23 -- git+https://github.com/microsoft/vcpkg@e74aa1e8f93278a8e71372f1fa08c3df420eb840
  * vcpkg-cmake-config:x64-linux@2024-05-23 -- git+https://github.com/microsoft/vcpkg@97a63e4bc1a17422ffe4eff71da53b4b561a7841
Additional packages (*) will be modified to complete this operation.
$VCPKG_BINARY_SOURCES: warning: The 'x-gha' binary caching backend has been removed. Consider using a NuGet-based binary caching provider instead, see extended documentation at https://learn.microsoft.com/vcpkg/users/binarycaching?WT.mc_id=vcpkg_inproduct_cli.
  on expression: clear;x-gha,readwrite
                                      ^
Installing 1/5 vcpkg-cmake-config:x64-linux@2024-05-23...
vcpkg-cmake-config:x64-linux@2024-05-23 package ABI: 228bf8e45f3f23bba428538e6ce1dc5b8bc2627c7e61e9b9b05db228c2f73308
Building vcpkg-cmake-config:x64-linux@2024-05-23...
/home/runner/work/openliero/openliero/tools/vcpkg/overlay-triplets/x64-linux.cmake: info: loaded overlay triplet from here
/home/runner/.cache/vcpkg/registries/git-trees/97a63e4bc1a17422ffe4eff71da53b4b561a7841: info: installing from git registry git+https://github.com/microsoft/vcpkg@97a63e4bc1a17422ffe4eff71da53b4b561a7841
-- Installing: /home/runner/work/openliero/openliero/tools/vcpkg/vcpkg/packages/vcpkg-cmake-config_x64-linux/share/vcpkg-cmake-config/vcpkg_cmake_config_fixup.cmake
-- Installing: /home/runner/work/openliero/openliero/tools/vcpkg/vcpkg/packages/vcpkg-cmake-config_x64-linux/share/vcpkg-cmake-config/vcpkg-port-config.cmake
-- Installing: /home/runner/work/openliero/openliero/tools/vcpkg/vcpkg/packages/vcpkg-cmake-config_x64-linux/share/vcpkg-cmake-config/copyright
-- Skipping post-build validation due to VCPKG_POLICY_EMPTY_PACKAGE
Elapsed time to handle vcpkg-cmake-config:x64-linux: 17.3 ms
Installing 2/5 vcpkg-cmake:x64-linux@2024-04-23...
vcpkg-cmake:x64-linux@2024-04-23 package ABI: f3effbb00724797ef79dde976009184be6d9003efdc2169185770d9a8540aecb
Building vcpkg-cmake:x64-linux@2024-04-23...
/home/runner/work/openliero/openliero/tools/vcpkg/overlay-triplets/x64-linux.cmake: info: loaded overlay triplet from here
/home/runner/.cache/vcpkg/registries/git-trees/e74aa1e8f93278a8e71372f1fa08c3df420eb840: info: installing from git registry git+https://github.com/microsoft/vcpkg@e74aa1e8f93278a8e71372f1fa08c3df420eb840
-- Installing: /home/runner/work/openliero/openliero/tools/vcpkg/vcpkg/packages/vcpkg-cmake_x64-linux/share/vcpkg-cmake/vcpkg_cmake_configure.cmake
-- Installing: /home/runner/work/openliero/openliero/tools/vcpkg/vcpkg/packages/vcpkg-cmake_x64-linux/share/vcpkg-cmake/vcpkg_cmake_build.cmake
-- Installing: /home/runner/work/openliero/openliero/tools/vcpkg/vcpkg/packages/vcpkg-cmake_x64-linux/share/vcpkg-cmake/vcpkg_cmake_install.cmake
-- Installing: /home/runner/work/openliero/openliero/tools/vcpkg/vcpkg/packages/vcpkg-cmake_x64-linux/share/vcpkg-cmake/vcpkg-port-config.cmake
-- Installing: /home/runner/work/openliero/openliero/tools/vcpkg/vcpkg/packages/vcpkg-cmake_x64-linux/share/vcpkg-cmake/copyright
-- Performing post-build validation
Elapsed time to handle vcpkg-cmake:x64-linux: 17.8 ms
Installing 3/5 miniz:wasm32-emscripten@3.1.1...
miniz:wasm32-emscripten@3.1.1 package ABI: 60210e9f6537bbb0d3f818a8c0eff63c8f3314785e9e514da12b9c899d99ad05
Building miniz:wasm32-emscripten@3.1.1...
/home/runner/work/openliero/openliero/tools/vcpkg/overlay-triplets/wasm32-emscripten.cmake: info: loaded overlay triplet from here
/home/runner/.cache/vcpkg/registries/git-trees/44b2ff8aa21c4b2d578087c1b2337ca9c19a981d: info: installing from git registry git+https://github.com/microsoft/vcpkg@44b2ff8aa21c4b2d578087c1b2337ca9c19a981d
Downloading https://github.com/richgel999/miniz/archive/3.1.1.tar.gz -> richgel999-miniz-3.1.1.tar.gz
Successfully downloaded richgel999-miniz-3.1.1.tar.gz
-- Extracting source /home/runner/work/openliero/openliero/tools/vcpkg/vcpkg/downloads/richgel999-miniz-3.1.1.tar.gz
-- Using source at /home/runner/work/openliero/openliero/tools/vcpkg/vcpkg/buildtrees/miniz/src/3.1.1-06ae856c40.clean
-- Configuring wasm32-emscripten
CMake Warning at /home/runner/work/openliero/openliero/build/emscripten/vcpkg_installed/x64-linux/share/vcpkg-cmake/vcpkg_cmake_configure.cmake:344 (message):
  The following variables are not used in CMakeLists.txt:

      CMAKE_POLICY_DEFAULT_CMP0057

  Please recheck them and remove the unnecessary options from the
  `vcpkg_cmake_configure` call.

  If these options should still be passed for whatever reason, please use the
  `MAYBE_UNUSED_VARIABLES` argument.
Call Stack (most recent call first):
  /home/runner/.cache/vcpkg/registries/git-trees/44b2ff8aa21c4b2d578087c1b2337ca9c19a981d/portfile.cmake:9 (vcpkg_cmake_configure)
  scripts/ports.cmake:206 (include)


-- Building wasm32-emscripten-dbg
-- Building wasm32-emscripten-rel
-- Fixing pkgconfig file: /home/runner/work/openliero/openliero/tools/vcpkg/vcpkg/packages/miniz_wasm32-emscripten/lib/pkgconfig/miniz.pc
-- Fixing pkgconfig file: /home/runner/work/openliero/openliero/tools/vcpkg/vcpkg/packages/miniz_wasm32-emscripten/debug/lib/pkgconfig/miniz.pc
-- Installing: /home/runner/work/openliero/openliero/tools/vcpkg/vcpkg/packages/miniz_wasm32-emscripten/share/miniz/copyright
-- Performing post-build validation
Elapsed time to handle miniz:wasm32-emscripten: 4.9 s
Installing 4/5 sdl3:wasm32-emscripten@3.4.4...
sdl3:wasm32-emscripten@3.4.4 package ABI: 3af2adfd3f682298984ea7e91a3696233dcee87b87229bfc8af0e5921a7cc267
Building sdl3:wasm32-emscripten@3.4.4...
/home/runner/work/openliero/openliero/tools/vcpkg/overlay-triplets/wasm32-emscripten.cmake: info: loaded overlay triplet from here
/home/runner/.cache/vcpkg/registries/git-trees/c3ea8e6cf352b01ab5bf9035850e72f674af2433: info: installing from git registry git+https://github.com/microsoft/vcpkg@c3ea8e6cf352b01ab5bf9035850e72f674af2433
Downloading https://github.com/libsdl-org/SDL/archive/release-3.4.4.tar.gz -> libsdl-org-SDL-release-3.4.4.tar.gz
Successfully downloaded libsdl-org-SDL-release-3.4.4.tar.gz
-- Extracting source /home/runner/work/openliero/openliero/tools/vcpkg/vcpkg/downloads/libsdl-org-SDL-release-3.4.4.tar.gz
-- Applying patch fix-freebsd.patch
-- Using source at /home/runner/work/openliero/openliero/tools/vcpkg/vcpkg/buildtrees/sdl3/src/ease-3.4.4-3ef55fe7e2.clean
-- Configuring wasm32-emscripten
CMake Warning at /home/runner/work/openliero/openliero/build/emscripten/vcpkg_installed/x64-linux/share/vcpkg-cmake/vcpkg_cmake_configure.cmake:344 (message):
  The following variables are not used in CMakeLists.txt:

      CMAKE_DISABLE_FIND_PACKAGE_LibUSB
      SDL_UNIX_CONSOLE_BUILD

  Please recheck them and remove the unnecessary options from the
  `vcpkg_cmake_configure` call.

  If these options should still be passed for whatever reason, please use the
  `MAYBE_UNUSED_VARIABLES` argument.
Call Stack (most recent call first):
  /home/runner/.cache/vcpkg/registries/git-trees/c3ea8e6cf352b01ab5bf9035850e72f674af2433/portfile.cmake:48 (vcpkg_cmake_configure)
  scripts/ports.cmake:206 (include)


-- Building wasm32-emscripten-dbg
-- Building wasm32-emscripten-rel
-- Fixing pkgconfig file: /home/runner/work/openliero/openliero/tools/vcpkg/vcpkg/packages/sdl3_wasm32-emscripten/lib/pkgconfig/sdl3.pc
-- Fixing pkgconfig file: /home/runner/work/openliero/openliero/tools/vcpkg/vcpkg/packages/sdl3_wasm32-emscripten/debug/lib/pkgconfig/sdl3.pc
-- Installing: /home/runner/work/openliero/openliero/tools/vcpkg/vcpkg/packages/sdl3_wasm32-emscripten/share/sdl3/usage
-- Performing post-build validation
Elapsed time to handle sdl3:wasm32-emscripten: 33 s
Installing 5/5 sdl3-image:wasm32-emscripten@3.4.2#1...
sdl3-image:wasm32-emscripten@3.4.2#1 package ABI: 1d8d01b9f775b1368198917059670590200dc5fce122e2a76b7cfa293896e659
Building sdl3-image:wasm32-emscripten@3.4.2#1...
/home/runner/work/openliero/openliero/tools/vcpkg/overlay-triplets/wasm32-emscripten.cmake: info: loaded overlay triplet from here
/home/runner/.cache/vcpkg/registries/git-trees/2e97142e6b1a6f51cdf99b8ef743719515c56994: info: installing from git registry git+https://github.com/microsoft/vcpkg@2e97142e6b1a6f51cdf99b8ef743719515c56994
Downloading https://github.com/libsdl-org/SDL_image/archive/release-3.4.2.tar.gz -> libsdl-org-SDL_image-release-3.4.2.tar.gz
Successfully downloaded libsdl-org-SDL_image-release-3.4.2.tar.gz
-- Extracting source /home/runner/work/openliero/openliero/tools/vcpkg/vcpkg/downloads/libsdl-org-SDL_image-release-3.4.2.tar.gz
-- Applying patch dependencies.diff
-- Applying patch pkgconfig-libname.diff
-- Using source at /home/runner/work/openliero/openliero/tools/vcpkg/vcpkg/buildtrees/sdl3-image/src/ease-3.4.2-d8e229141d.clean
-- Configuring wasm32-emscripten
-- Building wasm32-emscripten-dbg
-- Building wasm32-emscripten-rel
-- Fixing pkgconfig file: /home/runner/work/openliero/openliero/tools/vcpkg/vcpkg/packages/sdl3-image_wasm32-emscripten/lib/pkgconfig/sdl3-image.pc
-- Fixing pkgconfig file: /home/runner/work/openliero/openliero/tools/vcpkg/vcpkg/packages/sdl3-image_wasm32-emscripten/debug/lib/pkgconfig/sdl3-image.pc
-- Installing: /home/runner/work/openliero/openliero/tools/vcpkg/vcpkg/packages/sdl3-image_wasm32-emscripten/share/sdl3-image/usage
-- Installing: /home/runner/work/openliero/openliero/tools/vcpkg/vcpkg/packages/sdl3-image_wasm32-emscripten/share/sdl3-image/copyright
-- Performing post-build validation
Elapsed time to handle sdl3-image:wasm32-emscripten: 8.4 s
Installed contents are licensed to you by owners. Microsoft is not responsible for, nor does it grant any licenses to, third-party packages.
Packages installed in this vcpkg installation declare the following licenses:
Apache-2.0
MIT
Zlib
All requested installations completed successfully in: 46 s
